<?xml version="1.0" encoding="UTF-8"?>
<testsuite name="com.kyujin.kyujinshop.KyujinShopApplicationTests" tests="1" skipped="0" failures="0" errors="0" timestamp="2022-06-22T07:51:33" hostname="hagyujin-ui-MacBookPro.local" time="0.273">
  <properties/>
  <testcase name="contextLoads()" classname="com.kyujin.kyujinshop.KyujinShopApplicationTests" time="0.273"/>
  <system-out><![CDATA[16:51:31.130 [Test worker] DEBUG org.springframework.test.context.BootstrapUtils - Instantiating CacheAwareContextLoaderDelegate from class [org.springframework.test.context.cache.DefaultCacheAwareContextLoaderDelegate]
16:51:31.138 [Test worker] DEBUG org.springframework.test.context.BootstrapUtils - Instantiating BootstrapContext using constructor [public org.springframework.test.context.support.DefaultBootstrapContext(java.lang.Class,org.springframework.test.context.CacheAwareContextLoaderDelegate)]
16:51:31.167 [Test worker] DEBUG org.springframework.test.context.BootstrapUtils - Instantiating TestContextBootstrapper for test class [com.kyujin.kyujinshop.KyujinShopApplicationTests] from class [org.springframework.boot.test.context.SpringBootTestContextBootstrapper]
16:51:31.175 [Test worker] INFO org.springframework.boot.test.context.SpringBootTestContextBootstrapper - Neither @ContextConfiguration nor @ContextHierarchy found for test class [com.kyujin.kyujinshop.KyujinShopApplicationTests], using SpringBootContextLoader
16:51:31.179 [Test worker] DEBUG org.springframework.test.context.support.AbstractContextLoader - Did not detect default resource location for test class [com.kyujin.kyujinshop.KyujinShopApplicationTests]: class path resource [com/kyujin/kyujinshop/KyujinShopApplicationTests-context.xml] does not exist
16:51:31.179 [Test worker] DEBUG org.springframework.test.context.support.AbstractContextLoader - Did not detect default resource location for test class [com.kyujin.kyujinshop.KyujinShopApplicationTests]: class path resource [com/kyujin/kyujinshop/KyujinShopApplicationTestsContext.groovy] does not exist
16:51:31.180 [Test worker] INFO org.springframework.test.context.support.AbstractContextLoader - Could not detect default resource locations for test class [com.kyujin.kyujinshop.KyujinShopApplicationTests]: no resource found for suffixes {-context.xml, Context.groovy}.
16:51:31.180 [Test worker] INFO org.springframework.test.context.support.AnnotationConfigContextLoaderUtils - Could not detect default configuration classes for test class [com.kyujin.kyujinshop.KyujinShopApplicationTests]: KyujinShopApplicationTests does not declare any static, non-private, non-final, nested classes annotated with @Configuration.
16:51:31.212 [Test worker] DEBUG org.springframework.test.context.support.ActiveProfilesUtils - Could not find an 'annotation declaring class' for annotation type [org.springframework.test.context.ActiveProfiles] and class [com.kyujin.kyujinshop.KyujinShopApplicationTests]
16:51:31.269 [Test worker] DEBUG org.springframework.context.annotation.ClassPathScanningCandidateComponentProvider - Identified candidate component class: file [/Users/kyujin/Documents/inflearn/kyujin-shop/build/classes/java/main/com/kyujin/kyujinshop/KyujinShopApplication.class]
16:51:31.270 [Test worker] INFO org.springframework.boot.test.context.SpringBootTestContextBootstrapper - Found @SpringBootConfiguration com.kyujin.kyujinshop.KyujinShopApplication for test class com.kyujin.kyujinshop.KyujinShopApplicationTests
16:51:31.346 [Test worker] DEBUG org.springframework.boot.test.context.SpringBootTestContextBootstrapper - @TestExecutionListeners is not present for class [com.kyujin.kyujinshop.KyujinShopApplicationTests]: using defaults.
16:51:31.346 [Test worker] INFO org.springframework.boot.test.context.SpringBootTestContextBootstrapper - Loaded default TestExecutionListener class names from location [META-INF/spring.factories]: [org.springframework.boot.test.autoconfigure.restdocs.RestDocsTestExecutionListener, org.springframework.boot.test.autoconfigure.web.client.MockRestServiceServerResetTestExecutionListener, org.springframework.boot.test.autoconfigure.web.servlet.MockMvcPrintOnlyOnFailureTestExecutionListener, org.springframework.boot.test.autoconfigure.web.servlet.WebDriverTestExecutionListener, org.springframework.boot.test.autoconfigure.webservices.client.MockWebServiceServerTestExecutionListener, org.springframework.boot.test.mock.mockito.MockitoTestExecutionListener, org.springframework.boot.test.mock.mockito.ResetMocksTestExecutionListener, org.springframework.test.context.web.ServletTestExecutionListener, org.springframework.test.context.support.DirtiesContextBeforeModesTestExecutionListener, org.springframework.test.context.event.ApplicationEventsTestExecutionListener, org.springframework.test.context.support.DependencyInjectionTestExecutionListener, org.springframework.test.context.support.DirtiesContextTestExecutionListener, org.springframework.test.context.transaction.TransactionalTestExecutionListener, org.springframework.test.context.jdbc.SqlScriptsTestExecutionListener, org.springframework.test.context.event.EventPublishingTestExecutionListener]
16:51:31.354 [Test worker] DEBUG org.springframework.boot.test.context.SpringBootTestContextBootstrapper - Skipping candidate TestExecutionListener [org.springframework.test.context.transaction.TransactionalTestExecutionListener] due to a missing dependency. Specify custom listener classes or make the default listener classes and their required dependencies available. Offending class: [org/springframework/transaction/TransactionDefinition]
16:51:31.354 [Test worker] DEBUG org.springframework.boot.test.context.SpringBootTestContextBootstrapper - Skipping candidate TestExecutionListener [org.springframework.test.context.jdbc.SqlScriptsTestExecutionListener] due to a missing dependency. Specify custom listener classes or make the default listener classes and their required dependencies available. Offending class: [org/springframework/transaction/interceptor/TransactionAttribute]
16:51:31.355 [Test worker] INFO org.springframework.boot.test.context.SpringBootTestContextBootstrapper - Using TestExecutionListeners: [org.springframework.test.context.web.ServletTestExecutionListener@2a492f2a, org.springframework.test.context.support.DirtiesContextBeforeModesTestExecutionListener@3277e499, org.springframework.test.context.event.ApplicationEventsTestExecutionListener@585811a4, org.springframework.boot.test.mock.mockito.MockitoTestExecutionListener@22c01ab0, org.springframework.boot.test.autoconfigure.SpringBootDependencyInjectionTestExecutionListener@411341bd, org.springframework.test.context.support.DirtiesContextTestExecutionListener@4c4d362a, org.springframework.test.context.event.EventPublishingTestExecutionListener@5400db36, org.springframework.boot.test.autoconfigure.restdocs.RestDocsTestExecutionListener@76b74e9c, org.springframework.boot.test.autoconfigure.web.client.MockRestServiceServerResetTestExecutionListener@2d72f75e, org.springframework.boot.test.autoconfigure.web.servlet.MockMvcPrintOnlyOnFailureTestExecutionListener@8ab78bc, org.springframework.boot.test.autoconfigure.web.servlet.WebDriverTestExecutionListener@5aa0dbf4, org.springframework.boot.test.autoconfigure.webservices.client.MockWebServiceServerTestExecutionListener@16afbd92, org.springframework.boot.test.mock.mockito.ResetMocksTestExecutionListener@2c5d601e]
16:51:31.357 [Test worker] DEBUG org.springframework.test.context.support.AbstractDirtiesContextTestExecutionListener - Before test class: context [DefaultTestContext@677dbd89 testClass = KyujinShopApplicationTests, testInstance = [null], testMethod = [null], testException = [null], mergedContextConfiguration = [WebMergedContextConfiguration@fff25f1 testClass = KyujinShopApplicationTests, locations = '{}', classes = '{class com.kyujin.kyujinshop.KyujinShopApplication}', contextInitializerClasses = '[]', activeProfiles = '{}', propertySourceLocations = '{}', propertySourceProperties = '{org.springframework.boot.test.context.SpringBootTestContextBootstrapper=true}', contextCustomizers = set[org.springframework.boot.test.autoconfigure.actuate.metrics.MetricsExportContextCustomizerFactory$DisableMetricExportContextCustomizer@5c10f1c3, org.springframework.boot.test.autoconfigure.properties.PropertyMappingContextCustomizer@0, org.springframework.boot.test.autoconfigure.web.servlet.WebDriverContextCustomizerFactory$Customizer@85e6769, org.springframework.boot.test.context.filter.ExcludeFilterContextCustomizer@b70da4c, org.springframework.boot.test.json.DuplicateJsonObjectContextCustomizerFactory$DuplicateJsonObjectContextCustomizer@b7838a9, org.springframework.boot.test.mock.mockito.MockitoContextCustomizer@0, org.springframework.boot.test.web.client.TestRestTemplateContextCustomizer@3c989952, org.springframework.boot.test.context.SpringBootTestArgs@1, org.springframework.boot.test.context.SpringBootTestWebEnvironment@2f953efd], resourceBasePath = 'src/main/webapp', contextLoader = 'org.springframework.boot.test.context.SpringBootContextLoader', parent = [null]], attributes = map['org.springframework.test.context.web.ServletTestExecutionListener.activateListener' -> true]], class annotated with @DirtiesContext [false] with mode [null].

  .   ____          _            __ _ _
 /\\ / ___'_ __ _ _(_)_ __  __ _ \ \ \ \
( ( )\___ | '_ | '_| | '_ \/ _` | \ \ \ \
 \\/  ___)| |_)| | | | | || (_| |  ) ) ) )
  '  |____| .__|_| |_|_| |_\__, | / / / /
 =========|_|==============|___/=/_/_/_/
 :: Spring Boot ::                (v2.7.0)

2022-06-22 16:51:31.710  INFO 11828 --- [    Test worker] c.k.k.KyujinShopApplicationTests         : Starting KyujinShopApplicationTests using Java 11.0.14 on hagyujin-ui-MacBookPro.local with PID 11828 (started by kyujin in /Users/kyujin/Documents/inflearn/kyujin-shop)
2022-06-22 16:51:31.712  INFO 11828 --- [    Test worker] c.k.k.KyujinShopApplicationTests         : No active profile set, falling back to 1 default profile: "default"
2022-06-22 16:51:32.777  INFO 11828 --- [    Test worker] o.s.b.a.w.s.WelcomePageHandlerMapping    : Adding welcome page: class path resource [static/index.html]
2022-06-22 16:51:33.006  INFO 11828 --- [    Test worker] c.k.k.KyujinShopApplicationTests         : Started KyujinShopApplicationTests in 1.621 seconds (JVM running for 2.55)
]]></system-out>
  <system-err><![CDATA[]]></system-err>
</testsuite>
